<?xml version="1.0" encoding="UTF-8"?>
<coverage generated="1769058884440" clover="3.2.0">
  <project timestamp="1769058884440" name="All files">
    <metrics statements="33" coveredstatements="33" conditionals="14" coveredconditionals="9" methods="14" coveredmethods="14" elements="61" coveredelements="56" complexity="0" loc="33" ncloc="33" packages="1" files="5" classes="5"/>
    <file name="card.vue" path="/Users/rizkylasim/Developments/sim-tkpancamanunggal-nuxt/app/components/card.vue">
      <metrics statements="5" coveredstatements="5" conditionals="0" coveredconditionals="0" methods="0" coveredmethods="0"/>
      <line num="2" count="3" type="stmt"/>
      <line num="3" count="1" type="stmt"/>
      <line num="6" count="1" type="stmt"/>
      <line num="7" count="1" type="stmt"/>
      <line num="8" count="1" type="stmt"/>
    </file>
    <file name="carousel.vue" path="/Users/rizkylasim/Developments/sim-tkpancamanunggal-nuxt/app/components/carousel.vue">
      <metrics statements="2" coveredstatements="2" conditionals="0" coveredconditionals="0" methods="1" coveredmethods="1"/>
      <line num="11" count="3" type="stmt"/>
      <line num="12" count="9" type="stmt"/>
    </file>
    <file name="cta.vue" path="/Users/rizkylasim/Developments/sim-tkpancamanunggal-nuxt/app/components/cta.vue">
      <metrics statements="12" coveredstatements="12" conditionals="0" coveredconditionals="0" methods="4" coveredmethods="4"/>
      <line num="5" count="3" type="stmt"/>
      <line num="10" count="3" type="stmt"/>
      <line num="12" count="3" type="stmt"/>
      <line num="16" count="2" type="stmt"/>
      <line num="23" count="2" type="stmt"/>
      <line num="29" count="3" type="stmt"/>
      <line num="30" count="1" type="stmt"/>
      <line num="31" count="1" type="stmt"/>
      <line num="35" count="1" type="stmt"/>
      <line num="39" count="1" type="stmt"/>
      <line num="45" count="3" type="stmt"/>
      <line num="55" count="3" type="stmt"/>
    </file>
    <file name="footer.vue" path="/Users/rizkylasim/Developments/sim-tkpancamanunggal-nuxt/app/components/footer.vue">
      <metrics statements="6" coveredstatements="6" conditionals="0" coveredconditionals="0" methods="3" coveredmethods="3"/>
      <line num="4" count="3" type="stmt"/>
      <line num="29" count="3" type="stmt"/>
      <line num="31" count="1" type="stmt"/>
      <line num="33" count="3" type="stmt"/>
      <line num="36" count="3" type="stmt"/>
      <line num="46" count="3" type="stmt"/>
    </file>
    <file name="header.vue" path="/Users/rizkylasim/Developments/sim-tkpancamanunggal-nuxt/app/components/header.vue">
      <metrics statements="8" coveredstatements="8" conditionals="14" coveredconditionals="9" methods="6" coveredmethods="6"/>
      <line num="6" count="3" type="stmt"/>
      <line num="8" count="3" type="stmt"/>
      <line num="37" count="3" type="stmt"/>
      <line num="46" count="3" type="stmt"/>
      <line num="49" count="12" type="cond" truecount="3" falsecount="1"/>
      <line num="65" count="3" type="stmt"/>
      <line num="70" count="12" type="cond" truecount="2" falsecount="0"/>
      <line num="86" count="3" type="stmt"/>
    </file>
  </project>
</coverage>
