{"/Users/rizkylasim/Developments/sim-tkpancamanunggal-nuxt/app/components/card.vue": {"path":"/Users/rizkylasim/Developments/sim-tkpancamanunggal-nuxt/app/components/card.vue","statementMap":{"0":{"start":{"line":3,"column":4},"end":{"line":3,"column":null}},"1":{"start":{"line":6,"column":9},"end":{"line":6,"column":null}},"2":{"start":{"line":7,"column":10},"end":{"line":7,"column":62}},"3":{"start":{"line":8,"column":9},"end":{"line":8,"column":39}},"4":{"start":{"line":2,"column":2},"end":{"line":8,"column":57}}},"fnMap":{},"branchMap":{},"s":{"0":1,"1":1,"2":1,"3":1,"4":3},"f":{},"b":{},"meta":{"lastBranch":0,"lastFunction":0,"lastStatement":5,"seen":{"s:3:4:3:Infinity":0,"s:6:9:6:Infinity":1,"s:7:10:7:62":2,"s:8:9:8:39":3,"s:2:2:8:57":4}}}
,"/Users/rizkylasim/Developments/sim-tkpancamanunggal-nuxt/app/components/carousel.vue": {"path":"/Users/rizkylasim/Developments/sim-tkpancamanunggal-nuxt/app/components/carousel.vue","statementMap":{"0":{"start":{"line":11,"column":2},"end":{"line":21,"column":67}},"1":{"start":{"line":12,"column":18},"end":{"line":21,"column":67}}},"fnMap":{"0":{"name":"(anonymous_0)","decl":{"start":{"line":21,"column":4},"end":{"line":21,"column":10}},"loc":{"start":{"line":12,"column":18},"end":{"line":21,"column":67}},"line":12}},"branchMap":{},"s":{"0":3,"1":9},"f":{"0":9},"b":{},"meta":{"lastBranch":0,"lastFunction":1,"lastStatement":2,"seen":{"s:11:2:21:67":0,"f:21:4:21:10":0,"s:12:18:21:67":1}}}
,"/Users/rizkylasim/Developments/sim-tkpancamanunggal-nuxt/app/components/cta.vue": {"path":"/Users/rizkylasim/Developments/sim-tkpancamanunggal-nuxt/app/components/cta.vue","statementMap":{"0":{"start":{"line":5,"column":16},"end":{"line":5,"column":null}},"1":{"start":{"line":10,"column":8},"end":{"line":10,"column":null}},"2":{"start":{"line":12,"column":8},"end":{"line":25,"column":null}},"3":{"start":{"line":16,"column":19},"end":{"line":16,"column":null}},"4":{"start":{"line":23,"column":19},"end":{"line":23,"column":null}},"5":{"start":{"line":29,"column":11},"end":{"line":29,"column":null}},"6":{"start":{"line":30,"column":9},"end":{"line":30,"column":null}},"7":{"start":{"line":31,"column":10},"end":{"line":31,"column":null}},"8":{"start":{"line":35,"column":9},"end":{"line":35,"column":null}},"9":{"start":{"line":39,"column":11},"end":{"line":39,"column":null}},"10":{"start":{"line":29,"column":2},"end":{"line":55,"column":30}},"11":{"start":{"line":45,"column":30},"end":{"line":45,"column":30}},"12":{"start":{"line":55,"column":30},"end":{"line":55,"column":30}}},"fnMap":{"0":{"name":"(anonymous_0)","decl":{"start":{"line":16,"column":13},"end":{"line":16,"column":19}},"loc":{"start":{"line":16,"column":19},"end":{"line":16,"column":null}},"line":16},"1":{"name":"(anonymous_1)","decl":{"start":{"line":23,"column":13},"end":{"line":23,"column":19}},"loc":{"start":{"line":23,"column":19},"end":{"line":23,"column":null}},"line":23},"2":{"name":"(anonymous_2)","decl":{"start":{"line":45,"column":10},"end":{"line":45,"column":13}},"loc":{"start":{"line":45,"column":30},"end":{"line":45,"column":30}},"line":45},"3":{"name":"(anonymous_3)","decl":{"start":{"line":55,"column":10},"end":{"line":55,"column":13}},"loc":{"start":{"line":55,"column":30},"end":{"line":55,"column":30}},"line":55}},"branchMap":{},"s":{"0":3,"1":3,"2":3,"3":2,"4":2,"5":1,"6":1,"7":1,"8":1,"9":1,"10":3,"11":3,"12":3},"f":{"0":2,"1":2,"2":3,"3":3},"b":{},"meta":{"lastBranch":0,"lastFunction":4,"lastStatement":13,"seen":{"s:5:16:5:Infinity":0,"s:10:8:10:Infinity":1,"s:12:8:25:Infinity":2,"f:16:13:16:19":0,"s:16:19:16:Infinity":3,"f:23:13:23:19":1,"s:23:19:23:Infinity":4,"s:29:11:29:Infinity":5,"s:30:9:30:Infinity":6,"s:31:10:31:Infinity":7,"s:35:9:35:Infinity":8,"s:39:11:39:Infinity":9,"s:29:2:55:30":10,"f:45:10:45:13":2,"s:45:30:45:30":11,"f:55:10:55:13":3,"s:55:30:55:30":12}}}
,"/Users/rizkylasim/Developments/sim-tkpancamanunggal-nuxt/app/components/footer.vue": {"path":"/Users/rizkylasim/Developments/sim-tkpancamanunggal-nuxt/app/components/footer.vue","statementMap":{"0":{"start":{"line":4,"column":38},"end":{"line":25,"column":null}},"1":{"start":{"line":31,"column":9},"end":{"line":31,"column":39}},"2":{"start":{"line":29,"column":2},"end":{"line":36,"column":53}},"3":{"start":{"line":33,"column":10},"end":{"line":33,"column":10}},"4":{"start":{"line":46,"column":8},"end":{"line":53,"column":null}},"5":{"start":{"line":36,"column":53},"end":{"line":36,"column":53}}},"fnMap":{"0":{"name":"(anonymous_0)","decl":{"start":{"line":31,"column":6},"end":{"line":31,"column":9}},"loc":{"start":{"line":33,"column":10},"end":{"line":33,"column":10}},"line":33},"1":{"name":"(anonymous_1)","decl":{"start":{"line":39,"column":6},"end":{"line":39,"column":null}},"loc":{"start":{"line":46,"column":8},"end":{"line":53,"column":null}},"line":46},"2":{"name":"(anonymous_2)","decl":{"start":{"line":36,"column":4},"end":{"line":36,"column":22}},"loc":{"start":{"line":36,"column":53},"end":{"line":36,"column":53}},"line":36}},"branchMap":{},"s":{"0":3,"1":1,"2":3,"3":3,"4":3,"5":3},"f":{"0":3,"1":3,"2":3},"b":{},"meta":{"lastBranch":0,"lastFunction":3,"lastStatement":6,"seen":{"s:4:38:25:Infinity":0,"s:31:9:31:39":1,"s:29:2:36:53":2,"f:31:6:31:9":0,"s:33:10:33:10":3,"f:39:6:39:Infinity":1,"s:46:8:53:Infinity":4,"f:36:4:36:22":2,"s:36:53:36:53":5}}}
,"/Users/rizkylasim/Developments/sim-tkpancamanunggal-nuxt/app/components/header.vue": {"path":"/Users/rizkylasim/Developments/sim-tkpancamanunggal-nuxt/app/components/header.vue","statementMap":{"0":{"start":{"line":6,"column":8},"end":{"line":6,"column":null}},"1":{"start":{"line":8,"column":8},"end":{"line":33,"column":null}},"2":{"start":{"line":8,"column":53},"end":{"line":33,"column":3}},"3":{"start":{"line":37,"column":2},"end":{"line":59,"column":null}},"4":{"start":{"line":65,"column":35},"end":{"line":65,"column":35}},"5":{"start":{"line":86,"column":8},"end":{"line":83,"column":null}},"6":{"start":{"line":70,"column":42},"end":{"line":70,"column":null}},"7":{"start":{"line":46,"column":15},"end":{"line":59,"column":null}},"8":{"start":{"line":49,"column":38},"end":{"line":49,"column":null}}},"fnMap":{"0":{"name":"(anonymous_0)","decl":{"start":{"line":8,"column":47},"end":{"line":8,"column":53}},"loc":{"start":{"line":8,"column":53},"end":{"line":33,"column":3}},"line":8},"1":{"name":"(anonymous_1)","decl":{"start":{"line":65,"column":6},"end":{"line":65,"column":35}},"loc":{"start":{"line":65,"column":35},"end":{"line":65,"column":35}},"line":65},"2":{"name":"(anonymous_2)","decl":{"start":{"line":69,"column":6},"end":{"line":69,"column":null}},"loc":{"start":{"line":86,"column":8},"end":{"line":83,"column":null}},"line":86},"3":{"name":"(anonymous_3)","decl":{"start":{"line":70,"column":36},"end":{"line":70,"column":38}},"loc":{"start":{"line":70,"column":42},"end":{"line":70,"column":null}},"line":70},"4":{"name":"(anonymous_4)","decl":{"start":{"line":44,"column":4},"end":{"line":44,"column":null}},"loc":{"start":{"line":46,"column":15},"end":{"line":59,"column":null}},"line":46},"5":{"name":"(anonymous_5)","decl":{"start":{"line":49,"column":32},"end":{"line":49,"column":34}},"loc":{"start":{"line":49,"column":38},"end":{"line":49,"column":null}},"line":49}},"branchMap":{"0":{"loc":{"start":{"line":13,"column":14},"end":{"line":13,"column":null}},"type":"cond-expr","locations":[{"start":{"line":13,"column":35},"end":{"line":13,"column":47}},{"start":{"line":13,"column":47},"end":{"line":13,"column":null}}],"line":13},"1":{"loc":{"start":{"line":19,"column":14},"end":{"line":19,"column":null}},"type":"cond-expr","locations":[{"start":{"line":19,"column":40},"end":{"line":19,"column":52}},{"start":{"line":19,"column":52},"end":{"line":19,"column":null}}],"line":19},"2":{"loc":{"start":{"line":25,"column":14},"end":{"line":25,"column":null}},"type":"cond-expr","locations":[{"start":{"line":25,"column":39},"end":{"line":25,"column":51}},{"start":{"line":25,"column":51},"end":{"line":25,"column":null}}],"line":25},"3":{"loc":{"start":{"line":31,"column":14},"end":{"line":31,"column":null}},"type":"cond-expr","locations":[{"start":{"line":31,"column":42},"end":{"line":31,"column":54}},{"start":{"line":31,"column":54},"end":{"line":31,"column":null}}],"line":31},"4":{"loc":{"start":{"line":70,"column":235},"end":{"line":70,"column":null}},"type":"cond-expr","locations":[{"start":{"line":70,"column":255},"end":{"line":70,"column":null}},{"start":{"line":70,"column":255},"end":{"line":70,"column":null}}],"line":70},"5":{"loc":{"start":{"line":49,"column":81},"end":{"line":49,"column":157}},"type":"cond-expr","locations":[{"start":{"line":49,"column":105},"end":{"line":49,"column":117}},{"start":{"line":49,"column":117},"end":{"line":49,"column":157}}],"line":49},"6":{"loc":{"start":{"line":49,"column":157},"end":{"line":49,"column":null}},"type":"cond-expr","locations":[{"start":{"line":49,"column":177},"end":{"line":49,"column":null}},{"start":{"line":49,"column":177},"end":{"line":49,"column":null}}],"line":49}},"s":{"0":3,"1":3,"2":3,"3":3,"4":3,"5":3,"6":12,"7":3,"8":12},"f":{"0":3,"1":3,"2":3,"3":12,"4":3,"5":12},"b":{"0":[0,3],"1":[3,0],"2":[0,3],"3":[0,3],"4":[3,9],"5":[0,12],"6":[3,9]},"meta":{"lastBranch":7,"lastFunction":6,"lastStatement":9,"seen":{"s:6:8:6:Infinity":0,"s:8:8:33:Infinity":1,"f:8:47:8:53":0,"s:8:53:33:3":2,"b:13:35:13:47:13:47:13:Infinity":0,"b:19:40:19:52:19:52:19:Infinity":1,"b:25:39:25:51:25:51:25:Infinity":2,"b:31:42:31:54:31:54:31:Infinity":3,"s:37:2:59:Infinity":3,"f:65:6:65:35":1,"s:65:35:65:35":4,"f:69:6:69:Infinity":2,"s:86:8:83:Infinity":5,"f:70:36:70:38":3,"s:70:42:70:Infinity":6,"b:70:255:70:Infinity:70:255:70:Infinity":4,"f:44:4:44:Infinity":4,"s:46:15:59:Infinity":7,"f:49:32:49:34":5,"s:49:38:49:Infinity":8,"b:49:105:49:117:49:117:49:157":5,"b:49:177:49:Infinity:49:177:49:Infinity":6}}}
}
